<?xml version="1.0" encoding="UTF-8"?>
<!-- Generated by org.testng.reporters.JUnitXMLReporter -->
<testsuite hostname="Administrator" ignored="0" name="Default test" tests="7" failures="0" timestamp="23 дек 2017 21:27:06 GMT" time="134.814" errors="0">
  <testcase name="invalidLogin" time="8.791" classname="by.htp.selenium.mailtest.MailRuTest"/>
  <testcase name="validLogin" time="9.55" classname="by.htp.selenium.mailtest.MailRuTest"/>
  <testcase name="sendCorrectMessage" time="20.429" classname="by.htp.selenium.mailtest.MailRuTest"/>
  <testcase name="sendEmptyMessage" time="19.108" classname="by.htp.selenium.mailtest.MailRuTest"/>
  <testcase name="sendMessageWithoutEmail" time="15.697" classname="by.htp.selenium.mailtest.MailRuTest"/>
  <testcase name="writeCorrectMessageAmount" time="16.42" classname="by.htp.selenium.mailtest.MailRuTest"/>
  <testcase name="writeMessageIncorrectEmail" time="18.83" classname="by.htp.selenium.mailtest.MailRuTest"/>
</testsuite> <!-- Default test -->
